\BOOKMARK [-1][-]{part.1}{\376\377\000I\000\040\131\051\167\037\147\037\377\032\121\110\215\321\215\167\147\145\121\215\213\364}{}% 1
\BOOKMARK [0][-]{chapter.1}{\376\377\116\316\226\366\137\000\131\313\377\032\116\000\116\052\116\272\124\214\116\000\116\052\000\040\000A\000I}{part.1}% 2
\BOOKMARK [1][-]{section.1.1}{\376\377\215\167\137\365}{chapter.1}% 3
\BOOKMARK [1][-]{section.1.2}{\376\377\116\000\215\357\162\302\230\331\377\032\000G\000D\000T\060\001\000I\000D\000T\060\001\225\056\166\330}{chapter.1}% 4
\BOOKMARK [1][-]{section.1.3}{\376\377\135\362\176\317\127\313\116\013\166\204\226\367}{chapter.1}% 5
\BOOKMARK [1][-]{section.1.4}{\376\377\173\054\116\000\147\054\116\146\166\204\221\316\137\303}{chapter.1}% 6
\BOOKMARK [0][-]{chapter.2}{\376\377\131\061\143\247\377\032\137\123\116\343\170\001\137\000\131\313\123\315\126\154}{part.1}% 7
\BOOKMARK [1][-]{section.2.1}{\376\377\000P\000M\000M\000\040\126\151\150\246}{chapter.2}% 8
\BOOKMARK [1][-]{section.2.2}{\376\377\154\350\221\312\203\122\157\040}{chapter.2}% 9
\BOOKMARK [1][-]{section.2.3}{\376\377\116\146\172\077\166\204\210\302\177\035}{chapter.2}% 10
\BOOKMARK [2][-]{subsection.2.3.1}{\376\377\000T\000i\000k\000Z\000\040\126\376\166\204\160\176\226\276}{section.2.3}% 11
\BOOKMARK [2][-]{subsection.2.3.2}{\376\377\000f\000r\000a\000m\000e\000=\000s\000i\000n\000g\000l\000e\000\040\166\204\140\350\150\110}{section.2.3}% 12
\BOOKMARK [2][-]{subsection.2.3.3}{\376\377\116\343\170\001\116\016\116\146\172\077\116\015\124\014\153\145}{section.2.3}% 13
\BOOKMARK [1][-]{section.2.4}{\376\377\165\333\160\271\140\073\176\323}{chapter.2}% 14
\BOOKMARK [-1][-]{part.2}{\376\377\000I\000I\000\040\173\054\116\000\153\041\145\066\145\133\377\032\137\025\121\145\176\323\147\204}{}% 15
\BOOKMARK [0][-]{chapter.3}{\376\377\221\314\172\013\170\221\142\357\145\121\116\206\142\021}{part.2}% 16
\BOOKMARK [1][-]{section.3.1}{\376\377\122\071\217\146}{chapter.3}% 17
\BOOKMARK [1][-]{section.3.2}{\376\377\116\072\116\300\116\110\000\040\000R\000o\000a\000d\000m\000a\000p\000\040\147\011\145\110}{chapter.3}% 18
\BOOKMARK [2][-]{subsection.3.2.1}{\376\377\225\356\230\230\000\040\0001\377\032\142\021\116\015\167\345\220\123\116\013\116\000\153\145\120\132\116\300\116\110}{section.3.2}% 19
\BOOKMARK [2][-]{subsection.3.2.2}{\376\377\225\356\230\230\000\040\0002\377\032\000A\000I\000\040\116\015\167\345\220\123\230\171\166\356\121\150\214\214}{section.3.2}% 20
\BOOKMARK [2][-]{subsection.3.2.3}{\376\377\225\356\230\230\000\040\0003\377\032\116\015\167\345\220\123\116\300\116\110\145\366\120\031\173\227\060\014\120\132\133\214\116\206\060\015}{section.3.2}% 21
\BOOKMARK [1][-]{section.3.3}{\376\377\173\054\116\000\153\041\213\251\000\040\000A\000I\000\040\136\056\142\021\211\304\122\022}{chapter.3}% 22
\BOOKMARK [1][-]{section.3.4}{\376\377\000C\000h\000a\000n\000g\000e\000l\000o\000g\377\032\133\371\142\227\220\127\137\330}{chapter.3}% 23
\BOOKMARK [1][-]{section.3.5}{\376\377\145\066\145\133\166\204\141\037\211\311}{chapter.3}% 24
\BOOKMARK [0][-]{chapter.4}{\376\377\123\321\163\260\152\041\137\017\377\032\123\357\143\322\142\324\143\245\123\343}{part.2}% 25
\BOOKMARK [1][-]{section.4.1}{\376\377\173\054\116\000\153\041\221\315\147\204}{chapter.4}% 26
\BOOKMARK [1][-]{section.4.2}{\376\377\152\041\137\017\116\015\145\255\221\315\131\015}{chapter.4}% 27
\BOOKMARK [1][-]{section.4.3}{\376\377\000A\000I\000\040\116\015\117\032\201\352\122\250\131\127\165\050\152\041\137\017}{chapter.4}% 28
\BOOKMARK [1][-]{section.4.4}{\376\377\155\113\213\325\117\134\116\072\143\245\123\343\131\121\176\246}{chapter.4}% 29
\BOOKMARK [1][-]{section.4.5}{\376\377\153\144\145\366\166\204\137\000\123\321\155\101\172\013}{chapter.4}% 30
\BOOKMARK [0][-]{chapter.5}{\376\377\000A\000I\000\040\213\260\116\015\117\117\166\204\211\304\122\031}{part.2}% 31
\BOOKMARK [1][-]{section.5.1}{\376\377\221\315\131\015\213\364\145\131\166\204\165\262\140\353}{chapter.5}% 32
\BOOKMARK [1][-]{section.5.2}{\376\377\225\356\230\230\166\204\147\054\215\050}{chapter.5}% 33
\BOOKMARK [1][-]{section.5.3}{\376\377\173\054\116\000\153\041\134\035\213\325\377\032\000c\000o\000p\000i\000l\000o\000t\000-\000i\000n\000s\000t\000r\000u\000c\000t\000i\000o\000n\000s\000.\000m\000d}{chapter.5}% 34
\BOOKMARK [1][-]{section.5.4}{\376\377\145\260\166\204\225\356\230\230\377\032\121\150\130\136\127\050\116\000\215\167\131\052\201\303\200\277}{chapter.5}% 35
\BOOKMARK [-1][-]{part.3}{\376\377\000I\000I\000I\000\040\000A\000g\000e\000n\000t\000\040\123\026\377\032\142\212\211\304\122\031\123\330\142\020\221\115\177\156}{}% 36
\BOOKMARK [0][-]{chapter.6}{\376\377\000A\000g\000e\000n\000t\000\040\213\336\165\037}{part.3}% 37
\BOOKMARK [1][-]{section.6.1}{\376\377\142\306\122\006}{chapter.6}% 38
\BOOKMARK [1][-]{section.6.2}{\376\377\116\011\116\052\000\040\000A\000g\000e\000n\000t\000\040\145\207\116\366\000\040\000+\000\040\116\000\116\052\000\040\000P\000r\000o\000m\000p\000t}{chapter.6}% 39
\BOOKMARK [2][-]{subsection.6.2.1}{\376\377\000A\000r\000c\000h\000i\000t\000e\000c\000t\377\032\123\352\213\373\166\204\147\266\147\204\136\010}{section.6.2}% 40
\BOOKMARK [2][-]{subsection.6.2.2}{\376\377\000K\000e\000r\000n\000e\000l\377\032\123\327\176\246\147\137\166\204\137\000\123\321\200\005}{section.6.2}% 41
\BOOKMARK [2][-]{subsection.6.2.3}{\376\377\000A\000u\000t\000h\000o\000r\377\032\226\120\127\337\166\204\117\134\133\266}{section.6.2}% 42
\BOOKMARK [2][-]{subsection.6.2.4}{\376\377\000S\000h\000i\000p\377\032\116\000\153\041\140\047\166\204\150\300\147\345\124\130}{section.6.2}% 43
\BOOKMARK [1][-]{section.6.3}{\376\377\000c\000o\000p\000i\000l\000o\000t\000-\000i\000n\000s\000t\000r\000u\000c\000t\000i\000o\000n\000s\000.\000m\000d\000\040\166\046\216\253}{chapter.6}% 44
\BOOKMARK [1][-]{section.6.4}{\376\377\145\110\147\234\232\214\145\066}{chapter.6}% 45
\BOOKMARK [0][-]{chapter.7}{\376\377\000D\000e\000s\000i\000g\000n\000\040\000S\000p\000e\000c\377\032\000A\000g\000e\000n\000t\000\040\116\113\225\364\166\204\131\121\176\246}{part.3}% 46
\BOOKMARK [1][-]{section.7.1}{\376\377\000A\000r\000c\000h\000i\000t\000e\000c\000t\000\040\166\204\217\223\121\372\227\000\211\201\150\007\121\306\123\026}{chapter.7}% 47
\BOOKMARK [1][-]{section.7.2}{\376\377\000D\000e\000s\000i\000g\000n\000\040\000S\000p\000e\000c\000\040\152\041\147\177\166\204\157\024\123\026}{chapter.7}% 48
\BOOKMARK [2][-]{subsection.7.2.1}{\376\377\000v\0001\377\032\147\000\134\017\123\357\165\050}{section.7.2}% 49
\BOOKMARK [2][-]{subsection.7.2.2}{\376\377\000v\0002\377\032\122\240\116\206\000\040\000V\000e\000r\000i\000f\000i\000c\000a\000t\000i\000o\000n}{section.7.2}% 50
\BOOKMARK [2][-]{subsection.7.2.3}{\376\377\000v\0003\377\032\142\306\122\006\000\040\000K\000e\000r\000n\000e\000l\000\040\000P\000l\000a\000n\000\040\124\214\000\040\000B\000o\000o\000k\000\040\000P\000l\000a\000n}{section.7.2}% 51
\BOOKMARK [1][-]{section.7.3}{\376\377\133\236\117\213\377\032\000S\000t\000a\000g\000e\000\040\000D\000-\0001\000\040\000T\000S\000S\000\040\000+\000\040\000R\000i\000n\000g\000\040\0003}{chapter.7}% 52
\BOOKMARK [1][-]{section.7.4}{\376\377\000D\000e\000s\000i\000g\000n\000\040\000S\000p\000e\000c\000\040\166\204\150\070\137\303\116\367\120\074}{chapter.7}% 53
\BOOKMARK [0][-]{chapter.8}{\376\377\176\310\116\216\200\375\136\166\210\114\116\206}{part.3}% 54
\BOOKMARK [1][-]{section.8.1}{\376\377\211\343\225\001\136\166\210\114\166\204\220\243\116\000\122\073}{chapter.8}% 55
\BOOKMARK [1][-]{section.8.2}{\376\377\136\166\210\114\166\204\133\211\121\150\117\335\226\234}{chapter.8}% 56
\BOOKMARK [2][-]{subsection.8.2.1}{\376\377\173\054\116\000\134\102\377\032\145\207\116\366\217\271\165\114}{section.8.2}% 57
\BOOKMARK [2][-]{subsection.8.2.2}{\376\377\173\054\116\214\134\102\377\032\000D\000e\000s\000i\000g\000n\000\040\000S\000p\000e\000c\000\040\146\057\137\353\161\147}{section.8.2}% 58
\BOOKMARK [2][-]{subsection.8.2.3}{\376\377\173\054\116\011\134\102\377\032\120\117\171\273\142\245\124\112}{section.8.2}% 59
\BOOKMARK [1][-]{section.8.3}{\376\377\133\236\226\105\166\204\135\345\117\134\202\202\131\117}{chapter.8}% 60
\BOOKMARK [1][-]{section.8.4}{\376\377\133\371\153\324\377\032\116\011\116\052\226\066\153\265\166\204\145\110\163\207}{chapter.8}% 61
\BOOKMARK [-1][-]{part.4}{\376\377\000I\000V\000\040\143\001\176\355\157\024\217\333}{}% 62
\BOOKMARK [0][-]{chapter.9}{\376\377\000A\000g\000e\000n\000t\000\040\116\137\227\000\211\201\142\020\225\177}{part.4}% 63
\BOOKMARK [1][-]{section.9.1}{\376\377\116\015\146\057\116\000\153\041\140\047\166\204}{chapter.9}% 64
\BOOKMARK [1][-]{section.9.2}{\376\377\150\110\117\213\000\040\0001\377\032\000T\000i\000k\000Z\000\040\126\376\121\205\200\124\225\356\230\230}{chapter.9}% 65
\BOOKMARK [1][-]{section.9.3}{\376\377\150\110\117\213\000\040\0002\377\032\000c\000o\000m\000p\000i\000l\000e\000\137\000c\000o\000m\000m\000a\000n\000d\000s\000.\000j\000s\000o\000n\000\040\220\127\157\017}{chapter.9}% 66
\BOOKMARK [1][-]{section.9.4}{\376\377\150\110\117\213\000\040\0003\377\032\000A\000r\000c\000h\000i\000t\000e\000c\000t\000\040\166\204\122\115\167\273\140\047\116\015\215\263}{chapter.9}% 67
\BOOKMARK [1][-]{section.9.5}{\376\377\157\024\123\026\145\366\225\364\176\277}{chapter.9}% 68
\BOOKMARK [1][-]{section.9.6}{\376\377\123\315\231\210\137\252\163\257}{chapter.9}% 69
\BOOKMARK [1][-]{section.9.7}{\376\377\116\300\116\110\145\366\120\031\213\345\122\240\211\304\122\031\377\014\116\300\116\110\145\366\120\031\116\015\213\345}{chapter.9}% 70
\BOOKMARK [0][-]{chapter.10}{\376\377\131\015\166\330\377\032\123\357\217\301\171\373\166\204\176\317\232\214}{part.4}% 71
\BOOKMARK [1][-]{section.10.1}{\376\377\126\336\230\176\145\305\172\013}{chapter.10}% 72
\BOOKMARK [1][-]{section.10.2}{\376\377\116\003\147\141\123\357\217\301\171\373\166\204\176\317\232\214}{chapter.10}% 73
\BOOKMARK [2][-]{subsection.10.2.1}{\376\377\176\317\232\214\000\040\0001\377\032\121\110\210\370\131\124\377\014\124\016\172\177\210\143}{section.10.2}% 74
\BOOKMARK [2][-]{subsection.10.2.2}{\376\377\176\317\232\214\000\040\0002\377\032\142\030\165\145\116\272\133\232\377\014\142\030\147\057\000\040\000A\000I\000\040\133\232}{section.10.2}% 75
\BOOKMARK [2][-]{subsection.10.2.3}{\376\377\176\317\232\214\000\040\0003\377\032\135\345\121\167\147\103\226\120\146\057\170\154\217\271\165\114}{section.10.2}% 76
\BOOKMARK [2][-]{subsection.10.2.4}{\376\377\176\317\232\214\000\040\0004\377\032\116\055\225\364\116\247\162\151\150\007\121\306\123\026}{section.10.2}% 77
\BOOKMARK [2][-]{subsection.10.2.5}{\376\377\176\317\232\214\000\040\0005\377\032\211\304\122\031\116\316\123\315\231\210\116\055\225\177\121\372\147\145}{section.10.2}% 78
\BOOKMARK [2][-]{subsection.10.2.6}{\376\377\176\317\232\214\000\040\0006\377\032\136\166\210\114\227\000\211\201\116\015\221\315\123\340\166\204\121\231\121\145\203\003\126\364}{section.10.2}% 79
\BOOKMARK [2][-]{subsection.10.2.7}{\376\377\176\317\232\214\000\040\0007\377\032\000R\000o\000a\000d\000m\000a\000p\000\040\146\057\147\000\232\330\147\140\147\106\163\207\166\204\116\012\116\013\145\207}{section.10.2}% 80
\BOOKMARK [1][-]{section.10.3}{\376\377\217\331\116\052\145\271\154\325\213\272\166\204\134\100\226\120}{chapter.10}% 81
\BOOKMARK [1][-]{section.10.4}{\376\377\116\013\116\000\153\145}{chapter.10}% 82
\BOOKMARK [-1][-]{part.5}{\376\377\000V\000\040\226\104\137\125}{}% 83
\BOOKMARK [0][-]{appendix.A}{\376\377\000A\000g\000e\000n\000t\000\040\221\115\177\156\145\207\116\366\133\214\145\164\123\302\200\003}{part.5}% 84
\BOOKMARK [1][-]{section.A.1}{\376\377\000A\000r\000c\000h\000i\000t\000e\000c\000t\000\040\000A\000g\000e\000n\000t}{appendix.A}% 85
\BOOKMARK [1][-]{section.A.2}{\376\377\000K\000e\000r\000n\000e\000l\000\040\000A\000g\000e\000n\000t}{appendix.A}% 86
\BOOKMARK [1][-]{section.A.3}{\376\377\000A\000u\000t\000h\000o\000r\000\040\000A\000g\000e\000n\000t}{appendix.A}% 87
\BOOKMARK [1][-]{section.A.4}{\376\377\000S\000h\000i\000p\000\040\000P\000r\000o\000m\000p\000t}{appendix.A}% 88
\BOOKMARK [1][-]{section.A.5}{\376\377\000c\000o\000p\000i\000l\000o\000t\000-\000i\000n\000s\000t\000r\000u\000c\000t\000i\000o\000n\000s\000.\000m\000d\377\010\121\150\134\100\121\161\116\253\377\011}{appendix.A}% 89
\BOOKMARK [0][-]{appendix.B}{\376\377\230\171\166\356\145\366\225\364\176\277}{part.5}% 90
\BOOKMARK [1][-]{section.B.1}{\376\377\133\214\145\164\145\366\225\364\176\277}{appendix.B}% 91
\BOOKMARK [1][-]{section.B.2}{\376\377\157\024\123\026\226\066\153\265\140\073\176\323}{appendix.B}% 92
